2025-05-17 18:07:54,857 - FakeNewsClassifierApp - INFO - Приложение инициализировано
2025-05-17 18:08:30,341 - ModelHandler - INFO - Инициализация загрузки данных IMDB...
2025-05-17 18:08:30,442 - absl - INFO - No config specified, defaulting to config: imdb_reviews/plain_text
2025-05-17 18:08:30,445 - absl - INFO - Load dataset info from /home/kbalashov/tensorflow_datasets/imdb_reviews/plain_text/1.0.0
2025-05-17 18:08:30,447 - absl - INFO - Creating a tf.data.Dataset reading 1 files located in folders: /home/kbalashov/tensorflow_datasets/imdb_reviews/plain_text/1.0.0.
2025-05-17 18:08:32,224 - absl - INFO - Constructing tf.data.Dataset imdb_reviews for split train, from /home/kbalashov/tensorflow_datasets/imdb_reviews/plain_text/1.0.0
2025-05-17 18:08:35,201 - ModelHandler - INFO - Загружено 25000 сырых записей
2025-05-17 18:08:56,684 - ModelHandler - INFO - Осталось 25000 записей после очистки
2025-05-17 18:09:05,756 - ModelHandler - INFO - Токенизация текста...
2025-05-17 18:09:07,744 - ModelHandler - INFO - Балансировка классов...
2025-05-17 18:09:07,754 - ModelHandler - INFO - Разделение на train/test...
2025-05-17 18:09:08,332 - ModelHandler - INFO - Модель успешно создана, общее количество параметров: 2355841
2025-05-17 18:09:08,332 - ModelHandler - INFO - Начало обучения...
2025-05-17 18:09:08,374 - ModelHandler - INFO - Начало обучения
Размер батча: 256
Всего эпох: 5
2025-05-17 18:09:50,340 - ModelHandler - INFO - Эпоха 1/5
loss: 9.9345 - accuracy: 0.5371
val_loss: 9.1093 - val_accuracy: 0.6578
LR: 0.000100 - Время/эпоху: 41.97 сек
2025-05-17 18:10:25,856 - ModelHandler - INFO - Эпоха 2/5
loss: 8.3742 - accuracy: 0.7172
val_loss: 7.5379 - val_accuracy: 0.7742
LR: 0.000100 - Время/эпоху: 38.74 сек
2025-05-17 18:11:04,097 - ModelHandler - INFO - Эпоха 3/5
loss: 6.9081 - accuracy: 0.8123
val_loss: 6.3327 - val_accuracy: 0.8375
LR: 0.000100 - Время/эпоху: 38.57 сек
2025-05-17 18:11:42,151 - ModelHandler - INFO - Эпоха 4/5
loss: 5.8035 - accuracy: 0.8620
val_loss: 5.3581 - val_accuracy: 0.8540
LR: 0.000100 - Время/эпоху: 38.44 сек
2025-05-17 18:12:19,538 - ModelHandler - INFO - Эпоха 5/5
loss: 4.8936 - accuracy: 0.8879
val_loss: 4.5382 - val_accuracy: 0.8723
LR: 0.000100 - Время/эпоху: 38.23 сек
2025-05-17 18:12:19,556 - ModelHandler - INFO - Обучение завершено
Общее время: 191.18 сек
2025-05-17 18:12:19,743 - ModelHandler - INFO - Обучение успешно завершено
2025-05-17 18:12:19,743 - ModelHandler - INFO - Оценка модели на тестовых данных...
2025-05-17 18:12:36,031 - ModelHandler - INFO - Точность: 0.8742
Отчет:
              precision    recall  f1-score   support

           0       0.87      0.88      0.88      2500
           1       0.88      0.87      0.87      2500

    accuracy                           0.87      5000
   macro avg       0.87      0.87      0.87      5000
weighted avg       0.87      0.87      0.87      5000

2025-05-17 18:14:44,825 - FakeNewsClassifierApp - INFO - Получен сигнал завершения
